\BOOKMARK [0][-]{chapter.1}{Introduzione}{}% 1
\BOOKMARK [0][-]{chapter.2}{Analisi\040del\040software}{}% 2
\BOOKMARK [1][-]{section.2.1}{SSG}{chapter.2}% 3
\BOOKMARK [1][-]{section.2.2}{Principali\040SSG}{chapter.2}% 4
\BOOKMARK [2][-]{subsection.2.2.1}{Hugo}{section.2.2}% 5
\BOOKMARK [2][-]{subsection.2.2.2}{Jekyll}{section.2.2}% 6
\BOOKMARK [2][-]{subsection.2.2.3}{Gridsome}{section.2.2}% 7
\BOOKMARK [2][-]{subsection.2.2.4}{Eleventy}{section.2.2}% 8
\BOOKMARK [2][-]{subsection.2.2.5}{Pelican}{section.2.2}% 9
\BOOKMARK [2][-]{subsection.2.2.6}{Tabella\040riassuntiva}{section.2.2}% 10
\BOOKMARK [1][-]{section.2.3}{Differenze\040tra\040siti\040statici\040e\040dinamici}{chapter.2}% 11
\BOOKMARK [1][-]{section.2.4}{Hugo}{chapter.2}% 12
\BOOKMARK [2][-]{subsection.2.4.1}{Formati\040supportati}{section.2.4}% 13
\BOOKMARK [2][-]{subsection.2.4.2}{Template\040actions}{section.2.4}% 14
\BOOKMARK [2][-]{subsection.2.4.3}{Plugin}{section.2.4}% 15
\BOOKMARK [2][-]{subsection.2.4.4}{Creazione\040del\040sito}{section.2.4}% 16
\BOOKMARK [2][-]{subsection.2.4.5}{Costruzione\040del\040sito}{section.2.4}% 17
\BOOKMARK [2][-]{subsection.2.4.6}{Hosting\040e\040distribuzione}{section.2.4}% 18
\BOOKMARK [2][-]{subsection.2.4.7}{Web\040Analytics}{section.2.4}% 19
\BOOKMARK [0][-]{chapter.3}{Realizzazione\040di\040un\040sito\040web}{}% 20
\BOOKMARK [1][-]{section.3.1}{Analisi\040dei\040requisiti}{chapter.3}% 21
\BOOKMARK [1][-]{section.3.2}{User\040Experience}{chapter.3}% 22
\BOOKMARK [1][-]{section.3.3}{Scelta\040del\040tema}{chapter.3}% 23
\BOOKMARK [2][-]{subsection.3.3.1}{Tipologie\040di\040temi}{section.3.3}% 24
\BOOKMARK [0][-]{chapter.4}{Caso\040di\040studio}{}% 25
\BOOKMARK [1][-]{section.4.1}{Tema\040utilizzato}{chapter.4}% 26
\BOOKMARK [2][-]{subsection.4.1.1}{Struttura\040di\040Tella}{section.4.1}% 27
\BOOKMARK [2][-]{subsection.4.1.2}{Implementazione\040di\040Tella}{section.4.1}% 28
\BOOKMARK [1][-]{section.4.2}{Personalizzazione\040del\040tema}{chapter.4}% 29
\BOOKMARK [1][-]{section.4.3}{Implementazione\040di\040funzionalit\340\040aggiuntive}{chapter.4}% 30
\BOOKMARK [2][-]{subsection.4.3.1}{Barra\040di\040ricerca}{section.4.3}% 31
\BOOKMARK [2][-]{subsection.4.3.2}{Gestione\040delle\040pubblicazioni}{section.4.3}% 32
\BOOKMARK [2][-]{subsection.4.3.3}{Umami}{section.4.3}% 33
\BOOKMARK [1][-]{section.4.4}{Hosting\040del\040sito}{chapter.4}% 34
\BOOKMARK [2][-]{subsection.4.4.1}{Pubblicazione}{section.4.4}% 35
\BOOKMARK [2][-]{subsection.4.4.2}{Aggiornare\040il\040sito}{section.4.4}% 36
\BOOKMARK [2][-]{subsection.4.4.3}{Risultati\040ottenuti}{section.4.4}% 37
\BOOKMARK [1][-]{section.4.5}{Portabilit\340\040del\040sito}{chapter.4}% 38
\BOOKMARK [2][-]{subsection.4.5.1}{Adattamento\040della\040funzione\040di\040ricerca}{section.4.5}% 39
\BOOKMARK [2][-]{subsection.4.5.2}{Adattamento\040della\040sezione\040People}{section.4.5}% 40
\BOOKMARK [1][-]{section.4.6}{Accessibilit\340\040del\040sito}{chapter.4}% 41
\BOOKMARK [0][-]{chapter.5}{Conclusioni}{}% 42
\BOOKMARK [1][-]{section.5.1}{Riepilogo}{chapter.5}% 43
\BOOKMARK [1][-]{section.5.2}{Possibile\040implementazione\040aggiuntiva}{chapter.5}% 44
