This is pdfTeX, Version 3.141592653-2.6-1.40.25 (MiKTeX 23.5) (preloaded format=pdflatex 2023.9.7)  20 NOV 2023 17:30
entering extended mode
 restricted \write18 enabled.
 file:line:error style messages enabled.
 %&-line parsing enabled.
**c:/Users/feded/OneDrive/Documenti/thud/thesis_Dittaro.tex
(c:/Users/feded/OneDrive/Documenti/thud/thesis_Dittaro.tex
LaTeX2e <2023-06-01> patch level 1
L3 programming layer <2023-08-29>
(thud.cls
Document Class: thud 2020/01/21
(C:\Users\feded\AppData\Local\Programs\MiKTeX\tex/latex/kvoptions\kvoptions.sty
Package: kvoptions 2022-06-15 v3.15 Key value format for package options (HO)
 (C:\Users\feded\AppData\Local\Programs\MiKTeX\tex/latex/graphics\keyval.sty
Package: keyval 2022/05/29 v1.15 key=value parser (DPC)
\KV@toks@=\toks17
) (C:\Users\feded\AppData\Local\Programs\MiKTeX\tex/generic/ltxcmds\ltxcmds.sty
Package: ltxcmds 2020-05-10 v1.25 LaTeX kernel commands for general use (HO)
) (C:\Users\feded\AppData\Local\Programs\MiKTeX\tex/latex/kvsetkeys\kvsetkeys.sty
Package: kvsetkeys 2022-10-05 v1.19 Key value parser (HO)
)) (C:\Users\feded\AppData\Local\Programs\MiKTeX\tex/latex/base\book.cls
Document Class: book 2023/05/17 v1.4n Standard LaTeX document class
(C:\Users\feded\AppData\Local\Programs\MiKTeX\tex/latex/base\bk11.clo
File: bk11.clo 2023/05/17 v1.4n Standard LaTeX file (size option)
)
\c@part=\count185
\c@chapter=\count186
\c@section=\count187
\c@subsection=\count188
\c@subsubsection=\count189
\c@paragraph=\count190
\c@subparagraph=\count191
\c@figure=\count192
\c@table=\count193
\abovecaptionskip=\skip48
\belowcaptionskip=\skip49
\bibindent=\dimen140
) (C:\Users\feded\AppData\Local\Programs\MiKTeX\tex/latex/psnfss\helvet.sty
Package: helvet 2020/03/25 PSNFSS-v9.3 (WaS) 
) (C:\Users\feded\AppData\Local\Programs\MiKTeX\tex/latex/graphics\graphicx.sty
Package: graphicx 2021/09/16 v1.2d Enhanced LaTeX Graphics (DPC,SPQR)
 (C:\Users\feded\AppData\Local\Programs\MiKTeX\tex/latex/graphics\graphics.sty
Package: graphics 2022/03/10 v1.4e Standard LaTeX Graphics (DPC,SPQR)
 (C:\Users\feded\AppData\Local\Programs\MiKTeX\tex/latex/graphics\trig.sty
Package: trig 2021/08/11 v1.11 sin cos tan (DPC)
) (C:\Users\feded\AppData\Local\Programs\MiKTeX\tex/latex/graphics-cfg\graphics.cfg
File: graphics.cfg 2016/06/04 v1.11 sample graphics configuration
)
Package graphics Info: Driver file: pdftex.def on input line 107.
 (C:\Users\feded\AppData\Local\Programs\MiKTeX\tex/latex/graphics-def\pdftex.def
File: pdftex.def 2022/09/22 v1.2b Graphics/color driver for pdftex
))
\Gin@req@height=\dimen141
\Gin@req@width=\dimen142
) (C:\Users\feded\AppData\Local\Programs\MiKTeX\tex/generic/babel\babel.sty
Package: babel 2023/08/29 v3.93 The Babel package
\babel@savecnt=\count194
\U@D=\dimen143
\l@unhyphenated=\language79
 (C:\Users\feded\AppData\Local\Programs\MiKTeX\tex/generic/babel\txtbabel.def)
\bbl@readstream=\read2
\bbl@dirlevel=\count195

*************************************
* Local config file bblopts.cfg used
*
(C:\Users\feded\AppData\Local\Programs\MiKTeX\tex/latex/arabi\bblopts.cfg
File: bblopts.cfg 2005/09/08 v0.1 add Arabic and Farsi to "declared" options of babel
) (C:\Users\feded\AppData\Local\Programs\MiKTeX\tex/latex/babel-italian\italian.ldf
Language: italian 2022/03/27 v.1.4.07 Italian support for the babel system
\it@lettering=\count196
\it@doublequoteactive=\count197
\it@ISOcompliance=\count198
)) (C:\Users\feded\AppData\Local\Programs\MiKTeX\tex/generic/babel/locale/it\babel-italian.tex
Package babel Info: Importing font and identification data for italian
(babel)             from babel-it.ini. Reported on input line 11.
) (C:\Users\feded\AppData\Local\Programs\MiKTeX\tex/latex/etoolbox\etoolbox.sty
Package: etoolbox 2020/10/05 v2.5k e-TeX tools for LaTeX (JAW)
\etb@tempcnta=\count199
) (C:\Users\feded\AppData\Local\Programs\MiKTeX\tex/latex/setspace\setspace.sty
Package: setspace 2022/12/04 v6.7b set line spacing
) (C:\Users\feded\AppData\Local\Programs\MiKTeX\tex/latex/geometry\geometry.sty
Package: geometry 2020/01/02 v5.9 Page Geometry
 (C:\Users\feded\AppData\Local\Programs\MiKTeX\tex/generic/iftex\ifvtex.sty
Package: ifvtex 2019/10/25 v1.7 ifvtex legacy package. Use iftex instead.
 (C:\Users\feded\AppData\Local\Programs\MiKTeX\tex/generic/iftex\iftex.sty
Package: iftex 2022/02/03 v1.0f TeX engine tests
))
\Gm@cnth=\count266
\Gm@cntv=\count267
\c@Gm@tempcnt=\count268
\Gm@bindingoffset=\dimen144
\Gm@wd@mp=\dimen145
\Gm@odd@mp=\dimen146
\Gm@even@mp=\dimen147
\Gm@layoutwidth=\dimen148
\Gm@layoutheight=\dimen149
\Gm@layouthoffset=\dimen150
\Gm@layoutvoffset=\dimen151
\Gm@dimlist=\toks18
 (C:\Users\feded\AppData\Local\Programs\MiKTeX\tex/latex/geometry\geometry.cfg))
\thud@tmpbox=\box51
 (book.thud.tex
\c@thud@secnumdepth=\count269
)) (C:\Users\feded\AppData\Local\Programs\MiKTeX\tex/latex/pdfx\pdfx.sty
Package: pdfx 2019/02/27 v1.6.3 PDF/X and PDF/A support (CVR/HTH/RRM/PS)
\pdfx@minorversion=\count270
 (C:\Users\feded\AppData\Local\Programs\MiKTeX\tex/generic/iftex\ifpdf.sty
Package: ifpdf 2019/10/25 v3.4 ifpdf legacy package. Use iftex instead.
) (C:\Users\feded\AppData\Local\Programs\MiKTeX\tex/generic/iftex\ifxetex.sty
Package: ifxetex 2019/10/25 v0.7 ifxetex legacy package. Use iftex instead.
) (C:\Users\feded\AppData\Local\Programs\MiKTeX\tex/latex/everyshi\everyshi.sty
Package: everyshi 2020/11/18 v4.00 EveryShipout Package
) (C:\Users\feded\AppData\Local\Programs\MiKTeX\tex/generic/iftex\ifluatex.sty
Package: ifluatex 2019/10/25 v1.5 ifluatex legacy package. Use iftex instead.
){C:/Users/feded/AppData/Local/MiKTeX/fonts/map/pdftex/pdftex.map} (C:\Users\feded\AppData\Local\Programs\MiKTeX\tex/latex/base\inputenc.sty
Package: inputenc 2021/02/14 v1.3d Input encoding file
\inpenc@prehook=\toks19
\inpenc@posthook=\toks20
) (C:\Users\feded\AppData\Local\Programs\MiKTeX\tex/latex/pdfx\l8u-penc.def
File: l8u-penc.def 2017/06/23 v0.8 Custom LaTeX file, for UTF8 encoded letters and symbols
LaTeX Info: Composite with undeclared \b in encoding L8U on input line 278.
)
\pdfxsafeforxmp@toks=\toks21
 (C:\Users\feded\AppData\Local\Programs\MiKTeX\tex/latex/xcolor\xcolor.sty
Package: xcolor 2022/06/12 v2.14 LaTeX color extensions (UK)
 (C:\Users\feded\AppData\Local\Programs\MiKTeX\tex/latex/graphics-cfg\color.cfg
File: color.cfg 2016/01/02 v1.6 sample color configuration
)
Package xcolor Info: Driver file: pdftex.def on input line 227.
 (C:\Users\feded\AppData\Local\Programs\MiKTeX\tex/latex/graphics\mathcolor.ltx)
Package xcolor Info: Model `cmy' substituted by `cmy0' on input line 1353.
Package xcolor Info: Model `hsb' substituted by `rgb' on input line 1357.
Package xcolor Info: Model `RGB' extended on input line 1369.
Package xcolor Info: Model `HTML' substituted by `rgb' on input line 1371.
Package xcolor Info: Model `Hsb' substituted by `hsb' on input line 1372.
Package xcolor Info: Model `tHsb' substituted by `hsb' on input line 1373.
Package xcolor Info: Model `HSB' substituted by `hsb' on input line 1374.
Package xcolor Info: Model `Gray' substituted by `gray' on input line 1375.
Package xcolor Info: Model `wave' substituted by `hsb' on input line 1376.
)
\pdfx@tmptoks=\toks22
 (C:\Users\feded\AppData\Local\Programs\MiKTeX\tex/latex/hyperref\hyperref.sty
Package: hyperref 2023-07-08 v7.01b Hypertext links for LaTeX
 (C:\Users\feded\AppData\Local\Programs\MiKTeX\tex/generic/pdftexcmds\pdftexcmds.sty
Package: pdftexcmds 2020-06-27 v0.33 Utility functions of pdfTeX for LuaTeX (HO)
 (C:\Users\feded\AppData\Local\Programs\MiKTeX\tex/generic/infwarerr\infwarerr.sty
Package: infwarerr 2019/12/03 v1.5 Providing info/warning/error messages (HO)
)
Package pdftexcmds Info: \pdf@primitive is available.
Package pdftexcmds Info: \pdf@ifprimitive is available.
Package pdftexcmds Info: \pdfdraftmode found.
) (C:\Users\feded\AppData\Local\Programs\MiKTeX\tex/generic/kvdefinekeys\kvdefinekeys.sty
Package: kvdefinekeys 2019-12-19 v1.6 Define keys (HO)
) (C:\Users\feded\AppData\Local\Programs\MiKTeX\tex/generic/pdfescape\pdfescape.sty
Package: pdfescape 2019/12/09 v1.15 Implements pdfTeX's escape features (HO)
) (C:\Users\feded\AppData\Local\Programs\MiKTeX\tex/latex/hycolor\hycolor.sty
Package: hycolor 2020-01-27 v1.10 Color options for hyperref/bookmark (HO)
) (C:\Users\feded\AppData\Local\Programs\MiKTeX\tex/latex/letltxmacro\letltxmacro.sty
Package: letltxmacro 2019/12/03 v1.6 Let assignment for LaTeX macros (HO)
) (C:\Users\feded\AppData\Local\Programs\MiKTeX\tex/latex/auxhook\auxhook.sty
Package: auxhook 2019-12-17 v1.6 Hooks for auxiliary files (HO)
) (C:\Users\feded\AppData\Local\Programs\MiKTeX\tex/latex/hyperref\nameref.sty
Package: nameref 2023-08-07 v2.53 Cross-referencing by name of section
 (C:\Users\feded\AppData\Local\Programs\MiKTeX\tex/latex/refcount\refcount.sty
Package: refcount 2019/12/15 v3.6 Data extraction from label references (HO)
) (C:\Users\feded\AppData\Local\Programs\MiKTeX\tex/generic/gettitlestring\gettitlestring.sty
Package: gettitlestring 2019/12/15 v1.6 Cleanup title references (HO)
)
\c@section@level=\count271
)
\@linkdim=\dimen152
\Hy@linkcounter=\count272
\Hy@pagecounter=\count273
 (C:\Users\feded\AppData\Local\Programs\MiKTeX\tex/latex/hyperref\pd1enc.def
File: pd1enc.def 2023-07-08 v7.01b Hyperref: PDFDocEncoding definition (HO)
) (C:\Users\feded\AppData\Local\Programs\MiKTeX\tex/generic/intcalc\intcalc.sty
Package: intcalc 2019/12/15 v1.3 Expandable calculations with integers (HO)
)
\Hy@SavedSpaceFactor=\count274
 (C:\Users\feded\AppData\Local\Programs\MiKTeX\tex/latex/hyperref\puenc.def
File: puenc.def 2023-07-08 v7.01b Hyperref: PDF Unicode definition (HO)
)
Package hyperref Info: Option `pdfa' set `true' on input line 4050.
Package hyperref Info: Hyper figures OFF on input line 4167.
Package hyperref Info: Link nesting OFF on input line 4172.
Package hyperref Info: Hyper index ON on input line 4175.
Package hyperref Info: Plain pages OFF on input line 4182.
Package hyperref Info: Backreferencing OFF on input line 4187.
Package hyperref Info: Implicit mode ON; LaTeX internals redefined.
Package hyperref Info: Bookmarks ON on input line 4434.
\c@Hy@tempcnt=\count275
 (C:\Users\feded\AppData\Local\Programs\MiKTeX\tex/latex/url\url.sty
\Urlmuskip=\muskip16
Package: url 2013/09/16  ver 3.4  Verb mode for urls, etc.
)
LaTeX Info: Redefining \url on input line 4772.
\XeTeXLinkMargin=\dimen153
 (C:\Users\feded\AppData\Local\Programs\MiKTeX\tex/generic/bitset\bitset.sty
Package: bitset 2019/12/09 v1.3 Handle bit-vector datatype (HO)
 (C:\Users\feded\AppData\Local\Programs\MiKTeX\tex/generic/bigintcalc\bigintcalc.sty
Package: bigintcalc 2019/12/15 v1.5 Expandable calculations on big integers (HO)
))
\Fld@menulength=\count276
\Field@Width=\dimen154
\Fld@charsize=\dimen155
Package hyperref Info: Hyper figures OFF on input line 6051.
Package hyperref Info: Link nesting OFF on input line 6056.
Package hyperref Info: Hyper index ON on input line 6059.
Package hyperref Info: backreferencing OFF on input line 6066.
Package hyperref Info: Link coloring OFF on input line 6071.
Package hyperref Info: Link coloring with OCG OFF on input line 6076.
Package hyperref Info: PDF/A mode ON on input line 6079.
 (C:\Users\feded\AppData\Local\Programs\MiKTeX\tex/latex/base\atbegshi-ltx.sty
Package: atbegshi-ltx 2021/01/10 v1.0c Emulation of the original atbegshi
package with kernel methods
)
\Hy@abspage=\count277
\c@Item=\count278
\c@Hfootnote=\count279
)
Package hyperref Info: Driver: hpdftex.
 (C:\Users\feded\AppData\Local\Programs\MiKTeX\tex/latex/hyperref\hpdftex.def
File: hpdftex.def 2023-07-08 v7.01b Hyperref driver for pdfTeX
 (C:\Users\feded\AppData\Local\Programs\MiKTeX\tex/latex/base\atveryend-ltx.sty
Package: atveryend-ltx 2020/08/19 v1.0a Emulation of the original atveryend package
with kernel methods
)
\Fld@listcount=\count280
\c@bookmark@seq@number=\count281
 (C:\Users\feded\AppData\Local\Programs\MiKTeX\tex/latex/rerunfilecheck\rerunfilecheck.sty
Package: rerunfilecheck 2022-07-10 v1.10 Rerun checks for auxiliary files (HO)
 (C:\Users\feded\AppData\Local\Programs\MiKTeX\tex/generic/uniquecounter\uniquecounter.sty
Package: uniquecounter 2019/12/15 v1.4 Provide unlimited unique counter (HO)
)
Package uniquecounter Info: New unique counter `rerunfilecheck' on input line 285.
)
\Hy@SectionHShift=\skip50
)
Package hyperref Info: Option `unicode' set `true' on input line 1463.
 (C:\Users\feded\AppData\Local\Programs\MiKTeX\tex/generic/stringenc\stringenc.sty
Package: stringenc 2019/11/29 v1.12 Convert strings between diff. encodings (HO)
)
Package hyperref Info: Option `psdextra' set `true' on input line 1465.
 (C:\Users\feded\AppData\Local\Programs\MiKTeX\tex/latex/hyperref\psdextra.def
File: psdextra.def 2023-07-08 v7.01b Hyperref: Additions to PDF string support
) (C:\Users\feded\AppData\Local\Programs\MiKTeX\tex/generic/colorprofiles\colorprofiles.sty
Package: colorprofiles 2018/11/01 v1.0.1 color profiles for PDF/X and PDF/A support
 (C:\Users\feded\AppData\Local\Programs\MiKTeX\tex/generic/colorprofiles\colorprofiles.tex)) (C:\Users\feded\AppData\Local\Programs\MiKTeX\tex/generic/stringenc\se-pdfdoc.def
File: se-pdfdoc.def 2019/11/29 v1.12 stringenc: PDFDocEncoding
) (C:\Users\feded\AppData\Local\Programs\MiKTeX\tex/latex/pdfx\AdobeColorProfiles.tex) (C:\Users\feded\AppData\Local\Programs\MiKTeX\tex/latex/pdfx\8bit.def
File: 8bit.def 2008/03/30 v1.1d Input encoding file
)
** pdfx: No file thesis_Dittaro.xmpdata . Metadata will be incomplete!
<<sRGB.icc>> (C:\Users\feded\AppData\Local\Programs\MiKTeX\tex/latex/pdfx\8bit.def
File: 8bit.def 2008/03/30 v1.1d Input encoding file
)
Package hyperref Info: Option `unicode' set `true' on input line 2411.
Package hyperref Info: Option `unicode' set `true' on input line 2412.
 (C:\Users\feded\AppData\Local\Programs\MiKTeX\tex/generic/pdftex\glyphtounicode.tex) (C:\Users\feded\AppData\Local\Programs\MiKTeX\tex/latex/pdfx\glyphtounicode-cmr.tex) (C:\Users\feded\AppData\Local\Programs\MiKTeX\tex/latex/pdfx\glyphtounicode-ntx.tex) (C:\Users\feded\AppData\Local\Programs\MiKTeX\tex/latex/base\ifthen.sty
Package: ifthen 2022/04/13 v1.1d Standard LaTeX ifthen package (DPC)
) (C:\Users\feded\AppData\Local\Programs\MiKTeX\tex/latex/xmpincl\xmpincl.sty
Package: xmpincl 2021/09/22 v2.4 Include XMP data in pdflatex
) (C:\Users\feded\AppData\Local\Programs\MiKTeX\tex/latex/pdfx\8bit.def
File: 8bit.def 2008/03/30 v1.1d Input encoding file
)
Using XMP template file: pdfa.xmp
\xmpinclWrite=\write3
\xmpinclRead=\read3
\openout3 = `pdfa.xmpi'.

<<pdfa.xmpi>>) (C:\Users\feded\AppData\Local\Programs\MiKTeX\tex/latex/float\float.sty
Package: float 2001/11/08 v1.3d Float enhancements (AL)
\c@float@type=\count282
\float@exts=\toks23
\float@box=\box52
\@float@everytoks=\toks24
\@floatcapt=\box53
) (C:\Users\feded\AppData\Local\Programs\MiKTeX\tex/latex/cleveref\cleveref.sty
Package: cleveref 2018/03/27 v0.21.4 Intelligent cross-referencing
Package cleveref Info: `hyperref' support loaded on input line 2370.
LaTeX Info: Redefining \cref on input line 2370.
LaTeX Info: Redefining \Cref on input line 2370.
LaTeX Info: Redefining \crefrange on input line 2370.
LaTeX Info: Redefining \Crefrange on input line 2370.
LaTeX Info: Redefining \cpageref on input line 2370.
LaTeX Info: Redefining \Cpageref on input line 2370.
LaTeX Info: Redefining \cpagerefrange on input line 2370.
LaTeX Info: Redefining \Cpagerefrange on input line 2370.
LaTeX Info: Redefining \labelcref on input line 2370.
LaTeX Info: Redefining \labelcpageref on input line 2370.
Package cleveref Info: always capitalise cross-reference names on input line 7825.
Package cleveref Info: always capitalise cross-reference names on input line 7852.
) (C:\Users\feded\AppData\Local\Programs\MiKTeX\tex/latex/l3backend\l3backend-pdftex.def
File: l3backend-pdftex.def 2023-04-19 L3 backend support: PDF output (pdfTeX)
\l__color_backend_stack_int=\count283
\l__pdf_internal_box=\box54
) (thesis_Dittaro.aux)
\openout1 = `thesis_Dittaro.aux'.

LaTeX Font Info:    Checking defaults for OML/cmm/m/it on input line 27.
LaTeX Font Info:    ... okay on input line 27.
LaTeX Font Info:    Checking defaults for OMS/cmsy/m/n on input line 27.
LaTeX Font Info:    ... okay on input line 27.
LaTeX Font Info:    Checking defaults for OT1/cmr/m/n on input line 27.
LaTeX Font Info:    ... okay on input line 27.
LaTeX Font Info:    Checking defaults for T1/cmr/m/n on input line 27.
LaTeX Font Info:    ... okay on input line 27.
LaTeX Font Info:    Checking defaults for TS1/cmr/m/n on input line 27.
LaTeX Font Info:    ... okay on input line 27.
LaTeX Font Info:    Checking defaults for OMX/cmex/m/n on input line 27.
LaTeX Font Info:    ... okay on input line 27.
LaTeX Font Info:    Checking defaults for U/cmr/m/n on input line 27.
LaTeX Font Info:    ... okay on input line 27.
LaTeX Font Info:    Checking defaults for PD1/pdf/m/n on input line 27.
LaTeX Font Info:    ... okay on input line 27.
LaTeX Font Info:    Checking defaults for PU/pdf/m/n on input line 27.
LaTeX Font Info:    ... okay on input line 27.
 (C:\Users\feded\AppData\Local\Programs\MiKTeX\tex/context/base/mkii\supp-pdf.mkii
[Loading MPS to PDF converter (version 2006.09.02).]
\scratchcounter=\count284
\scratchdimen=\dimen156
\scratchbox=\box55
\nofMPsegments=\count285
\nofMParguments=\count286
\everyMPshowfont=\toks25
\MPscratchCnt=\count287
\MPscratchDim=\dimen157
\MPnumerator=\count288
\makeMPintoPDFobject=\count289
\everyMPtoPDFconversion=\toks26
) (C:\Users\feded\AppData\Local\Programs\MiKTeX\tex/latex/epstopdf-pkg\epstopdf-base.sty
Package: epstopdf-base 2020-01-24 v2.11 Base part for package epstopdf
 (C:\Users\feded\AppData\Local\Programs\MiKTeX\tex/latex/grfext\grfext.sty
Package: grfext 2019/12/03 v1.3 Manage graphics extensions (HO)
)
Package epstopdf-base Info: Redefining graphics rule for `.eps' on input line 485.
Package grfext Info: Graphics extension search list:
(grfext)             [.pdf,.png,.jpg,.mps,.jpeg,.jbig2,.jb2,.PDF,.PNG,.JPG,.JPEG,.JBIG2,.JB2,.eps]
(grfext)             \AppendGraphicsExtensions on input line 504.
 (C:\Users\feded\AppData\Local\Programs\MiKTeX\tex/latex/00miktex\epstopdf-sys.cfg
File: epstopdf-sys.cfg 2021/03/18 v2.0 Configuration of epstopdf for MiKTeX
))
LaTeX Info: Redefining \it@ocap on input line 27.
LaTeX Info: Redefining \it@ccap on input line 27.


File italian.ldf warning: 
italian.ldf    With OT1 encoding guillemets are poorly faked
italian.ldf    Use T1 encoding
italian.ldf    or specify a font with command \CaporaliFrom
italian.ldf    See the documentation concerning the babel-italian typesetting 
italian.ldf    on input line 27.

*geometry* driver: auto-detecting
*geometry* detected driver: pdftex
*geometry* verbose mode - [ preamble ] result:
* driver: pdftex
* paper: a4paper
* layout: <same size as paper>
* layoutoffset:(h,v)=(0.0pt,0.0pt)
* hratio: 1:1
* bindingoffset: 14.93404pt
* modes: twoside 
* h-part:(L,W,R)=(44.81126pt, 492.95131pt, 44.81126pt)
* v-part:(T,H,B)=(67.60529pt, 726.74081pt, 50.70074pt)
* \paperwidth=597.50787pt
* \paperheight=845.04684pt
* \textwidth=492.95131pt
* \textheight=726.74081pt
* \oddsidemargin=-12.52469pt
* \evensidemargin=-27.45872pt
* \topmargin=-36.5385pt
* \headheight=12.0pt
* \headsep=19.8738pt
* \topskip=11.0pt
* \footskip=0.0pt
* \marginparwidth=0.0pt
* \marginparsep=0.0pt
* \columnsep=10.0pt
* \skip\footins=10.0pt plus 4.0pt minus 2.0pt
* \hoffset=0.0pt
* \voffset=0.0pt
* \mag=1000
* \@twocolumnfalse
* \@twosidetrue
* \@mparswitchtrue
* \@reversemarginfalse
* (1in=72.27pt=25.4mm, 1cm=28.453pt)

Package hyperref Info: Link coloring OFF on input line 27.
(thesis_Dittaro.out) (thesis_Dittaro.out)
\@outlinefile=\write4
\openout4 = `thesis_Dittaro.out'.

LaTeX Font Info:    Trying to load font information for OT1+phv on input line 29.
 (C:\Users\feded\AppData\Local\Programs\MiKTeX\tex/latex/psnfss\ot1phv.fd
File: ot1phv.fd 2020/03/25 scalable font definitions for OT1/phv.
)
<banners/banner_uniud_italian.pdf, id=182, 540.60269pt x 62.59605pt>
File: banners/banner_uniud_italian.pdf Graphic file (type pdf)
<use banners/banner_uniud_italian.pdf>
Package pdftex.def Info: banners/banner_uniud_italian.pdf  used on input line 29.
(pdftex.def)             Requested size: 488.02449pt x 56.50879pt.

Underfull \hbox (badness 10000) in paragraph at lines 29--29

 []

[1



{C:/Users/feded/AppData/Local/Programs/MiKTeX/fonts/enc/dvips/base/8r.enc} <./banners/banner_uniud_italian.pdf>]
LaTeX Font Info:    External font `cmex10' loaded for size
(Font)              <10.95> on input line 29.
LaTeX Font Info:    External font `cmex10' loaded for size
(Font)              <8> on input line 29.
LaTeX Font Info:    External font `cmex10' loaded for size
(Font)              <6> on input line 29.
 [2] [3] [4] (thesis_Dittaro.toc
Package cleveref Info: loaded `italian' language definitions on input line 1.
Package cleveref Info: loaded `italian' language definitions on input line 2.
 [5

])
\tf@toc=\write5
\openout5 = `thesis_Dittaro.toc'.

 [6]
Capitolo 1.

Underfull \hbox (badness 10000) in paragraph at lines 57--75

 []


Underfull \hbox (badness 10000) in paragraph at lines 57--75

 []


Underfull \hbox (badness 10000) in paragraph at lines 57--75

 []


Underfull \vbox (badness 1859) has occurred while \output is active []

 [1


]
Package cleveref Info: loaded `italian' language definitions on input line 77.
 [2]
Capitolo 2.
<images/Hugo_logo.jpg, id=281, 567.11874pt x 151.56625pt>
File: images/Hugo_logo.jpg Graphic file (type jpg)
<use images/Hugo_logo.jpg>
Package pdftex.def Info: images/Hugo_logo.jpg  used on input line 99.
(pdftex.def)             Requested size: 147.88689pt x 39.52423pt.
[3

]
<images/jekyll_teaser.png, id=290, 276.03125pt x 190.7125pt>
File: images/jekyll_teaser.png Graphic file (type png)
<use images/jekyll_teaser.png>
Package pdftex.def Info: images/jekyll_teaser.png  used on input line 126.
(pdftex.def)             Requested size: 147.88689pt x 102.18004pt.
Package cleveref Info: loaded `italian' language definitions on input line 136.
 [4
pdfTeX warning (ext4): destination with the same identifier (name{figure.2.1}) has been already used, duplicate ignored
<argument> ...shipout:D \box_use:N \l_shipout_box 
                                                  \__shipout_drop_firstpage_...
l.136     \item l
                 a cartella \textit{\_post} contiene gli articoli del sito (... <./images/Hugo_logo.jpg>]
<images/Gridsome-logo.png, id=300, 738.76pt x 738.76pt>
File: images/Gridsome-logo.png Graphic file (type png)
<use images/Gridsome-logo.png>
Package pdftex.def Info: images/Gridsome-logo.png  used on input line 152.
(pdftex.def)             Requested size: 123.23782pt x 123.23157pt.
<images/Eleventy_logo.png, id=301, 1100.11pt x 803.0pt>
File: images/Eleventy_logo.png Graphic file (type png)
<use images/Eleventy_logo.png>
Package pdftex.def Info: images/Eleventy_logo.png  used on input line 158.
(pdftex.def)             Requested size: 123.23782pt x 89.94763pt.
Package cleveref Info: loaded `italian' language definitions on input line 170.
 [5
pdfTeX warning (ext4): destination with the same identifier (name{figure.2.2}) has been already used, duplicate ignored
<argument> ...shipout:D \box_use:N \l_shipout_box 
                                                  \__shipout_drop_firstpage_...
l.170     \item \textit
                       {src} è la cartella principale al cui interno si tro... <./images/jekyll_teaser.png>]
Package cleveref Info: loaded `italian' language definitions on input line 190.
 [6
pdfTeX warning (ext4): destination with the same identifier (name{figure.2.3}) has been already used, duplicate ignored
<argument> ...shipout:D \box_use:N \l_shipout_box 
                                                  \__shipout_drop_firstpage_...
l.190     \item \textit
                       {\_data}: questa cartella è utilizzata per i file di...
pdfTeX warning (ext4): destination with the same identifier (name{figure.2.4}) has been already used, duplicate ignored
<argument> ...shipout:D \box_use:N \l_shipout_box 
                                                  \__shipout_drop_firstpage_...
l.190     \item \textit
                       {\_data}: questa cartella è utilizzata per i file di... <./images/Gridsome-logo.png> <./images/Eleventy_logo.png>]
<images/pelican_logo.png, id=319, 200.75pt x 200.75pt>
File: images/pelican_logo.png Graphic file (type png)
<use images/pelican_logo.png>
Package pdftex.def Info: images/pelican_logo.png  used on input line 204.
(pdftex.def)             Requested size: 73.93968pt x 73.93938pt.
Package cleveref Info: loaded `italian' language definitions on input line 216.
 [7
pdfTeX warning (ext4): destination with the same identifier (name{figure.2.5}) has been already used, duplicate ignored
<argument> ...shipout:D \box_use:N \l_shipout_box 
                                                  \__shipout_drop_firstpage_...
l.216     \item \textit
                       {themes}: qui si possono collocare i temi o modelli p... <./images/pelican_logo.png (PNG copy)>]
<images/WAMP_LAMP.png, id=330, 759.58781pt x 355.3275pt>
File: images/WAMP_LAMP.png Graphic file (type png)
<use images/WAMP_LAMP.png>
Package pdftex.def Info: images/WAMP_LAMP.png  used on input line 260.
(pdftex.def)             Requested size: 295.77379pt x 138.36028pt.
<images/static.jpg, id=331, 702.625pt x 797.98125pt>
File: images/static.jpg Graphic file (type jpg)
<use images/static.jpg>
Package pdftex.def Info: images/static.jpg  used on input line 268.
(pdftex.def)             Requested size: 123.23782pt x 139.95322pt.
Package cleveref Info: loaded `italian' language definitions on input line 272.
 [8
pdfTeX warning (ext4): destination with the same identifier (name{table.2.1}) has been already used, duplicate ignored
<argument> ...shipout:D \box_use:N \l_shipout_box 
                                                  \__shipout_drop_firstpage_...
l.272 
      ]
Package cleveref Info: loaded `italian' language definitions on input line 283.
 [9
pdfTeX warning (ext4): destination with the same identifier (name{figure.2.6}) has been already used, duplicate ignored
<argument> ...shipout:D \box_use:N \l_shipout_box 
                                                  \__shipout_drop_firstpage_...
l.283     \item H
                 TML: formato utilizzato per definire l'organizzazione e la ...
pdfTeX warning (ext4): destination with the same identifier (name{figure.2.7}) has been already used, duplicate ignored
<argument> ...shipout:D \box_use:N \l_shipout_box 
                                                  \__shipout_drop_firstpage_...
l.283     \item H
                 TML: formato utilizzato per definire l'organizzazione e la ... <./images/WAMP_LAMP.png> <./images/static.jpg>]
LaTeX Font Info:    Trying to load font information for OMS+cmr on input line 306.
 (C:\Users\feded\AppData\Local\Programs\MiKTeX\tex/latex/base\omscmr.fd
File: omscmr.fd 2023/04/13 v2.5m Standard LaTeX font definitions
)
LaTeX Font Info:    Font shape `OMS/cmr/m/n' in size <10.95> not available
(Font)              Font shape `OMS/cmsy/m/n' tried instead on input line 306.
<images/if-template-actions.png, id=348, 355.3275pt x 76.78688pt>
File: images/if-template-actions.png Graphic file (type png)
<use images/if-template-actions.png>
Package pdftex.def Info: images/if-template-actions.png  used on input line 312.
(pdftex.def)             Requested size: 315.49124pt x 68.18074pt.
<images/partial-template-actions.png, id=349, 207.02344pt x 66.2475pt>
File: images/partial-template-actions.png Graphic file (type png)
<use images/partial-template-actions.png>
Package pdftex.def Info: images/partial-template-actions.png  used on input line 320.
(pdftex.def)             Requested size: 197.18126pt x 63.09952pt.

Underfull \hbox (badness 10000) in paragraph at lines 328--387

 []


Underfull \hbox (badness 10000) in paragraph at lines 328--387

 []


Underfull \hbox (badness 10000) in paragraph at lines 328--387

 []


Underfull \hbox (badness 10000) in paragraph at lines 328--387

 []


Underfull \hbox (badness 10000) in paragraph at lines 328--387

 []


Underfull \hbox (badness 10000) in paragraph at lines 328--387

 []


Underfull \hbox (badness 10000) in paragraph at lines 328--387

 []


Underfull \hbox (badness 10000) in paragraph at lines 328--387

 []


Underfull \hbox (badness 10000) in paragraph at lines 328--387

 []


Underfull \hbox (badness 10000) in paragraph at lines 328--387

 []


Underfull \hbox (badness 10000) in paragraph at lines 328--387

 []

Package cleveref Info: loaded `italian' language definitions on input line 387.
[10]
Underfull \vbox (badness 4441) has occurred while \output is active []

Package cleveref Info: loaded `italian' language definitions on input line 387.
 [11
pdfTeX warning (ext4): destination with the same identifier (name{figure.2.8}) has been already used, duplicate ignored
<argument> ...shipout:D \box_use:N \l_shipout_box 
                                                  \__shipout_drop_firstpage_...
l.387 
      
pdfTeX warning (ext4): destination with the same identifier (name{figure.2.9}) has been already used, duplicate ignored
<argument> ...shipout:D \box_use:N \l_shipout_box 
                                                  \__shipout_drop_firstpage_...
l.387 
       <./images/if-template-actions.png> <./images/partial-template-actions.png>]
Underfull \vbox (badness 2050) has occurred while \output is active []

Package cleveref Info: loaded `italian' language definitions on input line 398.
 [12]
LaTeX Font Info:    Font shape `OT1/cmtt/bx/n' in size <10.95> not available
(Font)              Font shape `OT1/cmtt/m/n' tried instead on input line 410.

Underfull \hbox (badness 10000) in paragraph at lines 399--413

 []


Underfull \hbox (badness 10000) in paragraph at lines 399--413

 []


Underfull \hbox (badness 10000) in paragraph at lines 399--413

 []


Underfull \hbox (badness 10000) in paragraph at lines 399--413

 []

Package cleveref Info: loaded `italian' language definitions on input line 429.
[13]
Package cleveref Info: loaded `italian' language definitions on input line 456.
 [14]
Package cleveref Info: loaded `italian' language definitions on input line 460.
 [15] [16]
Capitolo 3.
[17

]
<images/ARC-menu.png, id=402, 970.3753pt x 249.18094pt>
File: images/ARC-menu.png Graphic file (type png)
<use images/ARC-menu.png>
Package pdftex.def Info: images/ARC-menu.png  used on input line 512.
(pdftex.def)             Requested size: 492.95131pt x 126.5863pt.
<images/MADS-menu.png, id=403, 950.80219pt x 113.67468pt>
File: images/MADS-menu.png Graphic file (type png)
<use images/MADS-menu.png>
Package pdftex.def Info: images/MADS-menu.png  used on input line 519.
(pdftex.def)             Requested size: 492.95131pt x 58.93597pt.

Underfull \hbox (badness 10000) in paragraph at lines 524--536

 []


Underfull \hbox (badness 10000) in paragraph at lines 524--536

 []


Underfull \hbox (badness 10000) in paragraph at lines 524--536

 []


Underfull \hbox (badness 10000) in paragraph at lines 524--536

 []

Package cleveref Info: loaded `italian' language definitions on input line 536.
[18]
Package cleveref Info: loaded `italian' language definitions on input line 540.
 [19
pdfTeX warning (ext4): destination with the same identifier (name{figure.3.1}) has been already used, duplicate ignored
<argument> ...shipout:D \box_use:N \l_shipout_box 
                                                  \__shipout_drop_firstpage_...
l.540 \chapter
              {Caso di studio}\label{cap:casostudio}
pdfTeX warning (ext4): destination with the same identifier (name{figure.3.2}) has been already used, duplicate ignored
<argument> ...shipout:D \box_use:N \l_shipout_box 
                                                  \__shipout_drop_firstpage_...
l.540 \chapter
              {Caso di studio}\label{cap:casostudio} <./images/ARC-menu.png> <./images/MADS-menu.png>] [20]
Capitolo 4.
<images/Tella.png, id=424, 949.29657pt x 404.26031pt>
File: images/Tella.png Graphic file (type png)
<use images/Tella.png>
Package pdftex.def Info: images/Tella.png  used on input line 551.
(pdftex.def)             Requested size: 492.95131pt x 209.92665pt.
[21

]
<images/Tella-menu.png, id=431, 971.88094pt x 97.11281pt>
File: images/Tella-menu.png Graphic file (type png)
<use images/Tella-menu.png>
Package pdftex.def Info: images/Tella-menu.png  used on input line 577.
(pdftex.def)             Requested size: 492.95131pt x 49.25569pt.

Underfull \hbox (badness 10000) in paragraph at lines 583--594

 []


Underfull \hbox (badness 10000) in paragraph at lines 583--594

 []


Underfull \hbox (badness 10000) in paragraph at lines 583--594

 []


Underfull \hbox (badness 10000) in paragraph at lines 583--594

 []

Package cleveref Info: loaded `italian' language definitions on input line 594.
[22
pdfTeX warning (ext4): destination with the same identifier (name{figure.4.1}) has been already used, duplicate ignored
<argument> ...shipout:D \box_use:N \l_shipout_box 
                                                  \__shipout_drop_firstpage_...
l.594 \begin{itemize}
                     
pdfTeX warning (ext4): destination with the same identifier (name{figure.4.2}) has been already used, duplicate ignored
<argument> ...shipout:D \box_use:N \l_shipout_box 
                                                  \__shipout_drop_firstpage_...
l.594 \begin{itemize}
                      <./images/Tella.png> <./images/Tella-menu.png>]
<images/index-iniziale.png, id=448, 882.14104pt x 1270.31288pt>
File: images/index-iniziale.png Graphic file (type png)
<use images/index-iniziale.png>
Package pdftex.def Info: images/index-iniziale.png  used on input line 608.
(pdftex.def)             Requested size: 221.82657pt x 319.43825pt.
<images/index-finale.png, id=449, 882.14104pt x 1162.28041pt>
File: images/index-finale.png Graphic file (type png)
<use images/index-finale.png>
Package pdftex.def Info: images/index-finale.png  used on input line 614.
(pdftex.def)             Requested size: 244.01224pt x 321.49915pt.

Overfull \hbox (2.43332pt too wide) in paragraph at lines 606--618
[]$[]$ $[]$ 
 []

<images/list-html.png, id=450, 252.19218pt x 201.75375pt>
File: images/list-html.png Graphic file (type png)
<use images/list-html.png>
Package pdftex.def Info: images/list-html.png  used on input line 629.
(pdftex.def)             Requested size: 197.1775pt x 157.74286pt.
Package cleveref Info: loaded `italian' language definitions on input line 639.
[23]
LaTeX Font Info:    Trying to load font information for OML+cmr on input line 643.
 (C:\Users\feded\AppData\Local\Programs\MiKTeX\tex/latex/base\omlcmr.fd
File: omlcmr.fd 2023/04/13 v2.5m Standard LaTeX font definitions
)
LaTeX Font Info:    Font shape `OML/cmr/bx/n' in size <10.95> not available
(Font)              Font shape `OML/cmm/b/it' tried instead on input line 643.

Underfull \hbox (badness 10000) in paragraph at lines 641--645

 []

LaTeX Font Info:    Font shape `OML/cmr/m/n' in size <10.95> not available
(Font)              Font shape `OML/cmm/m/it' tried instead on input line 646.

Underfull \hbox (badness 10000) in paragraph at lines 645--662

 []


Underfull \hbox (badness 10000) in paragraph at lines 645--662

 []

Package cleveref Info: loaded `italian' language definitions on input line 662.
[24
pdfTeX warning (ext4): destination with the same identifier (name{figure.4.3}) has been already used, duplicate ignored
<argument> ...shipout:D \box_use:N \l_shipout_box 
                                                  \__shipout_drop_firstpage_...
l.662     \item C
                 reazione della parte grafica: questa fase riguarda la reali...
pdfTeX warning (ext4): destination with the same identifier (name{figure.4.4}) has been already used, duplicate ignored
<argument> ...shipout:D \box_use:N \l_shipout_box 
                                                  \__shipout_drop_firstpage_...
l.662     \item C
                 reazione della parte grafica: questa fase riguarda la reali... <./images/index-iniziale.png (PNG copy)> <./images/index-finale.png (PNG copy)>]
<images/search-form.png, id=471, 605.26125pt x 74.52844pt>
File: images/search-form.png Graphic file (type png)
<use images/search-form.png>
Package pdftex.def Info: images/search-form.png  used on input line 666.
(pdftex.def)             Requested size: 394.36255pt x 48.56003pt.

Underfull \hbox (badness 10000) in paragraph at lines 662--679

 []

Package cleveref Info: loaded `italian' language definitions on input line 679.
[25
pdfTeX warning (ext4): destination with the same identifier (name{figure.4.5}) has been already used, duplicate ignored
<argument> ...shipout:D \box_use:N \l_shipout_box 
                                                  \__shipout_drop_firstpage_...
l.679     \item C
                 reazione dello script di ricerca: in questa fase verrà sfr... <./images/list-html.png>]
Underfull \hbox (badness 10000) in paragraph at lines 679--700

 []


Underfull \hbox (badness 10000) in paragraph at lines 679--700

 []


Underfull \hbox (badness 10000) in paragraph at lines 679--700

 []


Underfull \hbox (badness 10000) in paragraph at lines 679--700

 []


Underfull \hbox (badness 10000) in paragraph at lines 679--700

 []

Package cleveref Info: loaded `italian' language definitions on input line 700.
[26
pdfTeX warning (ext4): destination with the same identifier (name{figure.4.6}) has been already used, duplicate ignored
<argument> ...shipout:D \box_use:N \l_shipout_box 
                                                  \__shipout_drop_firstpage_...
l.700     \begin{itemize}
                          <./images/search-form.png>]
Underfull \hbox (badness 10000) in paragraph at lines 704--714

 []


Underfull \hbox (badness 10000) in paragraph at lines 704--714

 []


Underfull \hbox (badness 10000) in paragraph at lines 704--714

 []


Underfull \hbox (badness 10000) in paragraph at lines 714--722

 []


Overfull \hbox (48.48645pt too wide) in paragraph at lines 714--722
\OML/cmm/b/it/10.95 <\OT1/cmr/bx/n/10.95 script ty-pe="text/javascript" src="https://cdn.jsdelivr.net/npm/lunr@2.3.9/lunr.min.js"\OML/cmm/b/it/10.95 >
 []

<images/if-part.png, id=494, 416.30531pt x 308.65312pt>
File: images/if-part.png Graphic file (type png)
<use images/if-part.png>
Package pdftex.def Info: images/if-part.png  used on input line 734.
(pdftex.def)             Requested size: 246.47565pt x 182.73956pt.
<images/displayResults.png, id=495, 467.49657pt x 292.09125pt>
File: images/displayResults.png Graphic file (type png)
<use images/displayResults.png>
Package pdftex.def Info: images/displayResults.png  used on input line 740.
(pdftex.def)             Requested size: 290.83945pt x 181.72311pt.

Overfull \hbox (44.3638pt too wide) in paragraph at lines 740--741
 [][] 
 []


Overfull \hbox (2.43332pt too wide) in paragraph at lines 732--744
[]$[]$ $[]$ 
 []

Package cleveref Info: loaded `italian' language definitions on input line 745.
[27]
<images/css-results.png, id=503, 231.86626pt x 210.7875pt>
File: images/css-results.png Graphic file (type png)
<use images/css-results.png>
Package pdftex.def Info: images/css-results.png  used on input line 749.
(pdftex.def)             Requested size: 147.88689pt x 134.4436pt.
<images/ex-research.png, id=504, 882.14104pt x 949.19566pt>
File: images/ex-research.png Graphic file (type png)
<use images/ex-research.png>
Package pdftex.def Info: images/ex-research.png  used on input line 755.
(pdftex.def)             Requested size: 197.18126pt x 212.16939pt.

Overfull \hbox (2.43332pt too wide) in paragraph at lines 747--759
[]$[]$ $[]$ 
 []


Underfull \hbox (badness 10000) in paragraph at lines 763--804

 []


Underfull \hbox (badness 10000) in paragraph at lines 763--804

 []


Underfull \hbox (badness 10000) in paragraph at lines 763--804

 []


Underfull \hbox (badness 10000) in paragraph at lines 763--804

 []


Underfull \hbox (badness 10000) in paragraph at lines 763--804

 []


Underfull \hbox (badness 10000) in paragraph at lines 763--804

 []


Underfull \hbox (badness 10000) in paragraph at lines 763--804

 []


Underfull \hbox (badness 10000) in paragraph at lines 763--804

 []

Package cleveref Info: loaded `italian' language definitions on input line 804.
[28
pdfTeX warning (ext4): destination with the same identifier (name{figure.4.7}) has been already used, duplicate ignored
<argument> ...shipout:D \box_use:N \l_shipout_box 
                                                  \__shipout_drop_firstpage_...
l.804 \begin{enumerate}
                       
pdfTeX warning (ext4): destination with the same identifier (name{figure.4.8}) has been already used, duplicate ignored
<argument> ...shipout:D \box_use:N \l_shipout_box 
                                                  \__shipout_drop_firstpage_...
l.804 \begin{enumerate}
                       
pdfTeX warning (ext4): destination with the same identifier (name{figure.4.9}) has been already used, duplicate ignored
<argument> ...shipout:D \box_use:N \l_shipout_box 
                                                  \__shipout_drop_firstpage_...
l.804 \begin{enumerate}
                       
pdfTeX warning (ext4): destination with the same identifier (name{figure.4.10}) has been already used, duplicate ignored
<argument> ...shipout:D \box_use:N \l_shipout_box 
                                                  \__shipout_drop_firstpage_...
l.804 \begin{enumerate}
                        <./images/if-part.png> <./images/displayResults.png> <./images/css-results.png> <./images/ex-research.png (PNG copy)>]
Underfull \vbox (badness 10000) has occurred while \output is active []

Package cleveref Info: loaded `italian' language definitions on input line 804.
 [29]
Package cleveref Info: loaded `italian' language definitions on input line 830.
 [30]
Underfull \hbox (badness 10000) in paragraph at lines 834--839

 []

<images/gen-items-1.png, id=534, 634.62094pt x 424.58624pt>
File: images/gen-items-1.png Graphic file (type png)
<use images/gen-items-1.png>
Package pdftex.def Info: images/gen-items-1.png  used on input line 861.
(pdftex.def)             Requested size: 394.36255pt x 263.84975pt.
Package cleveref Info: loaded `italian' language definitions on input line 864.
[31]
<images/gen-items-2.png, id=541, 458.46281pt x 403.5075pt>
File: images/gen-items-2.png Graphic file (type png)
<use images/gen-items-2.png>
Package pdftex.def Info: images/gen-items-2.png  used on input line 869.
(pdftex.def)             Requested size: 246.47565pt x 216.93031pt.

Underfull \hbox (badness 2512) in paragraph at lines 870--870
[]\OT1/cmr/m/n/10.95 Figura 4.12: []Parte del co-di-ce del-la fun-zio-ne
 []

<images/gen-refs.png, id=542, 472.76625pt x 377.91188pt>
File: images/gen-refs.png Graphic file (type png)
<use images/gen-refs.png>
Package pdftex.def Info: images/gen-refs.png  used on input line 875.
(pdftex.def)             Requested size: 271.12471pt x 216.73253pt.

Overfull \hbox (24.64906pt too wide) in paragraph at lines 875--876
 [][] 
 []


Overfull \hbox (2.43332pt too wide) in paragraph at lines 867--879
[]$[]$ $[]$ 
 []

<images/publications.png, id=543, 882.14104pt x 551.33815pt>
File: images/publications.png Graphic file (type png)
<use images/publications.png>
Package pdftex.def Info: images/publications.png  used on input line 883.
(pdftex.def)             Requested size: 394.36255pt x 246.47621pt.

Underfull \hbox (badness 10000) in paragraph at lines 890--893

 []

Package cleveref Info: loaded `italian' language definitions on input line 903.
[32
pdfTeX warning (ext4): destination with the same identifier (name{figure.4.11}) has been already used, duplicate ignored
<argument> ...shipout:D \box_use:N \l_shipout_box 
                                                  \__shipout_drop_firstpage_...
l.903         \end{center}
                           <./images/gen-items-1.png>]
Package cleveref Info: loaded `italian' language definitions on input line 903.
 [33
pdfTeX warning (ext4): destination with the same identifier (name{figure.4.12}) has been already used, duplicate ignored
<argument> ...shipout:D \box_use:N \l_shipout_box 
                                                  \__shipout_drop_firstpage_...
l.903         \end{center}
                          
pdfTeX warning (ext4): destination with the same identifier (name{figure.4.13}) has been already used, duplicate ignored
<argument> ...shipout:D \box_use:N \l_shipout_box 
                                                  \__shipout_drop_firstpage_...
l.903         \end{center}
                          
pdfTeX warning (ext4): destination with the same identifier (name{figure.4.14}) has been already used, duplicate ignored
<argument> ...shipout:D \box_use:N \l_shipout_box 
                                                  \__shipout_drop_firstpage_...
l.903         \end{center}
                           <./images/gen-items-2.png> <./images/gen-refs.png> <./images/publications.png (PNG copy)>]
<images/githubpages.png, id=561, 976.39781pt x 411.03563pt>
File: images/githubpages.png Graphic file (type png)
<use images/githubpages.png>
Package pdftex.def Info: images/githubpages.png  used on input line 947.
(pdftex.def)             Requested size: 443.65317pt x 186.76434pt.
Package cleveref Info: loaded `italian' language definitions on input line 949.
 [34]
Package cleveref Info: loaded `italian' language definitions on input line 973.
 [35
pdfTeX warning (ext4): destination with the same identifier (name{figure.4.15}) has been already used, duplicate ignored
<argument> ...shipout:D \box_use:N \l_shipout_box 
                                                  \__shipout_drop_firstpage_...
l.973     \item \textit
                       {push} della cartella ``public" sul branch ``gh-pages". <./images/githubpages.png>]
<images/header.png, id=579, 300.3722pt x 170.13562pt>
File: images/header.png Graphic file (type png)
<use images/header.png>
Package pdftex.def Info: images/header.png  used on input line 981.
(pdftex.def)             Requested size: 246.47565pt x 139.61334pt.
<images/menu-hamburger.png, id=580, 606.47195pt x 410.5234pt>
File: images/menu-hamburger.png Graphic file (type png)
<use images/menu-hamburger.png>
Package pdftex.def Info: images/menu-hamburger.png  used on input line 987.
(pdftex.def)             Requested size: 221.82657pt x 150.14986pt.

Overfull \hbox (2.43332pt too wide) in paragraph at lines 979--991
[]$[]$ $[]$ 
 []


Underfull \hbox (badness 10000) in paragraph at lines 1010--1032

 []


Underfull \hbox (badness 10000) in paragraph at lines 1010--1032

 []


Underfull \hbox (badness 10000) in paragraph at lines 1010--1032

 []

Package cleveref Info: loaded `italian' language definitions on input line 1032.
[36
pdfTeX warning (ext4): destination with the same identifier (name{figure.4.16}) has been already used, duplicate ignored
<argument> ...shipout:D \box_use:N \l_shipout_box 
                                                  \__shipout_drop_firstpage_...
l.1032 \begin{itemize}
                      
pdfTeX warning (ext4): destination with the same identifier (name{figure.4.17}) has been already used, duplicate ignored
<argument> ...shipout:D \box_use:N \l_shipout_box 
                                                  \__shipout_drop_firstpage_...
l.1032 \begin{itemize}
                       <./images/header.png> <./images/menu-hamburger.png (PNG copy)>]
Package cleveref Info: loaded `italian' language definitions on input line 1044.
 [37]
<images/summary.png, id=599, 410.2828pt x 246.9225pt>
File: images/summary.png Graphic file (type png)
<use images/summary.png>
Package pdftex.def Info: images/summary.png  used on input line 1049.
(pdftex.def)             Requested size: 246.47565pt x 148.33548pt.
<images/list.png, id=600, 362.85562pt x 243.15843pt>
File: images/list.png Graphic file (type png)
<use images/list.png>
Package pdftex.def Info: images/list.png  used on input line 1055.
(pdftex.def)             Requested size: 246.47565pt x 165.17116pt.

Overfull \hbox (2.43332pt too wide) in paragraph at lines 1047--1059
[]$[]$ $[]$ 
 []


Underfull \hbox (badness 10000) in paragraph at lines 1061--1075

 []


Underfull \hbox (badness 10000) in paragraph at lines 1061--1075

 []


Underfull \hbox (badness 10000) in paragraph at lines 1061--1075

 []


Underfull \hbox (badness 10000) in paragraph at lines 1061--1075

 []


Underfull \hbox (badness 10000) in paragraph at lines 1077--1086

 []


Underfull \hbox (badness 10000) in paragraph at lines 1077--1086

 []


Underfull \hbox (badness 10000) in paragraph at lines 1077--1086

 []

<images/people-computer.png, id=604, 882.14104pt x 873.94547pt>
File: images/people-computer.png Graphic file (type png)
<use images/people-computer.png>
Package pdftex.def Info: images/people-computer.png  used on input line 1092.
(pdftex.def)             Requested size: 295.77002pt x 293.0169pt.

Overfull \hbox (49.29437pt too wide) in paragraph at lines 1092--1093
 [][] 
 []

<images/people-telefono.png, id=605, 274.17897pt x 1063.18855pt>
File: images/people-telefono.png Graphic file (type png)
<use images/people-telefono.png>
Package pdftex.def Info: images/people-telefono.png  used on input line 1098.
(pdftex.def)             Requested size: 123.23782pt x 477.87885pt.

Overfull \hbox (2.43332pt too wide) in paragraph at lines 1090--1102
[]$[]$ $[]$ 
 []

<images/people-tablet.png, id=606, 574.43474pt x 834.45773pt>
File: images/people-tablet.png Graphic file (type png)
<use images/people-tablet.png>
Package pdftex.def Info: images/people-tablet.png  used on input line 1106.
(pdftex.def)             Requested size: 295.77379pt x 429.66777pt.

Underfull \hbox (badness 10000) in paragraph at lines 1113--1122

 []

Package cleveref Info: loaded `italian' language definitions on input line 1122.
[38
pdfTeX warning (ext4): destination with the same identifier (name{figure.4.18}) has been already used, duplicate ignored
<argument> ...shipout:D \box_use:N \l_shipout_box 
                                                  \__shipout_drop_firstpage_...
l.1122 
       
pdfTeX warning (ext4): destination with the same identifier (name{figure.4.19}) has been already used, duplicate ignored
<argument> ...shipout:D \box_use:N \l_shipout_box 
                                                  \__shipout_drop_firstpage_...
l.1122 
        <./images/summary.png> <./images/list.png>]
Package cleveref Info: loaded `italian' language definitions on input line 1122.
 [39
pdfTeX warning (ext4): destination with the same identifier (name{figure.4.20}) has been already used, duplicate ignored
<argument> ...shipout:D \box_use:N \l_shipout_box 
                                                  \__shipout_drop_firstpage_...
l.1122 
       
pdfTeX warning (ext4): destination with the same identifier (name{figure.4.21}) has been already used, duplicate ignored
<argument> ...shipout:D \box_use:N \l_shipout_box 
                                                  \__shipout_drop_firstpage_...
l.1122 
        <./images/people-computer.png (PNG copy)> <./images/people-telefono.png (PNG copy)>]
Package cleveref Info: loaded `italian' language definitions on input line 1122.
 [40
pdfTeX warning (ext4): destination with the same identifier (name{figure.4.22}) has been already used, duplicate ignored
<argument> ...shipout:D \box_use:N \l_shipout_box 
                                                  \__shipout_drop_firstpage_...
l.1122 
        <./images/people-tablet.png (PNG copy)>]
<images/dev-tools.png, id=627, 1027.58907pt x 540.51938pt>
File: images/dev-tools.png Graphic file (type png)
<use images/dev-tools.png>
Package pdftex.def Info: images/dev-tools.png  used on input line 1125.
(pdftex.def)             Requested size: 295.77379pt x 155.57542pt.
<images/Deuteranopia.png, id=628, 2569.6pt x 3360.555pt>
File: images/Deuteranopia.png Graphic file (type png)
<use images/Deuteranopia.png>
Package pdftex.def Info: images/Deuteranopia.png  used on input line 1131.
(pdftex.def)             Requested size: 295.77379pt x 386.789pt.
Package cleveref Info: loaded `italian' language definitions on input line 1138.
 [41
pdfTeX warning (ext4): destination with the same identifier (name{figure.4.23}) has been already used, duplicate ignored
<argument> ...shipout:D \box_use:N \l_shipout_box 
                                                  \__shipout_drop_firstpage_...
l.1138 \chapter
               {Conclusioni} <./images/dev-tools.png>]
Package cleveref Info: loaded `italian' language definitions on input line 1138.
 [42
pdfTeX warning (ext4): destination with the same identifier (name{figure.4.24}) has been already used, duplicate ignored
<argument> ...shipout:D \box_use:N \l_shipout_box 
                                                  \__shipout_drop_firstpage_...
l.1138 \chapter
               {Conclusioni} <./images/Deuteranopia.png>] [43]
Package cleveref Info: loaded `italian' language definitions on input line 1138.
 [44

]
Capitolo 5.
<images/form-html.png, id=653, 629.35126pt x 250.68657pt>
File: images/form-html.png Graphic file (type png)
<use images/form-html.png>
Package pdftex.def Info: images/form-html.png  used on input line 1161.
(pdftex.def)             Requested size: 492.95131pt x 196.3533pt.
<images/form-tella.png, id=654, 882.14104pt x 715.24948pt>
File: images/form-tella.png Graphic file (type png)
<use images/form-tella.png>
Package pdftex.def Info: images/form-tella.png  used on input line 1168.
(pdftex.def)             Requested size: 492.95131pt x 399.6857pt.
[45]
Package cleveref Info: loaded `italian' language definitions on input line 1178.
 [46
pdfTeX warning (ext4): destination with the same identifier (name{figure.5.1}) has been already used, duplicate ignored
<argument> ...shipout:D \box_use:N \l_shipout_box 
                                                  \__shipout_drop_firstpage_...
l.1178 \backmatter
                  
pdfTeX warning (ext4): destination with the same identifier (name{figure.5.2}) has been already used, duplicate ignored
<argument> ...shipout:D \box_use:N \l_shipout_box 
                                                  \__shipout_drop_firstpage_...
l.1178 \backmatter
                   <./images/form-html.png> <./images/form-tella.png (PNG copy)>] [47] (thesis_Dittaro.bbl
Package cleveref Info: loaded `italian' language definitions on input line 1.
 [48

]
Underfull \hbox (badness 10000) in paragraph at lines 41--43
[]\OT1/cmr/m/n/10.95 Static vs dy-na-mic web-si-tes: the key dif-fe-ren-ces., 2023.  Avai-la-ble at
 []

[49])
Package cleveref Info: loaded `italian' language definitions on input line 1192.
 [50] (thesis_Dittaro.aux
Package cleveref Info: loaded `italian' language definitions on input line 18.
Package cleveref Info: loaded `italian' language definitions on input line 19.
)
 ***********
LaTeX2e <2023-06-01> patch level 1
L3 programming layer <2023-08-29>
 ***********
Package rerunfilecheck Info: File `thesis_Dittaro.out' has not changed.
(rerunfilecheck)             Checksum: 35CB3ED4E5DFC8D0B2379747A796CDDE;3143.
 )
(\end occurred when \ifx on line 3 was incomplete) 
Here is how much of TeX's memory you used:
 16868 strings out of 475248
 277125 string characters out of 5757814
 1934801 words of memory out of 5000000
 37975 multiletter control sequences out of 15000+600000
 577959 words of font info for 73 fonts, out of 8000000 for 9000
 1141 hyphenation exceptions out of 8191
 80i,9n,83p,948b,2387s stack positions out of 10000i,1000n,20000p,200000b,200000s
 <C:\Users\feded\AppData\Local\MiKTeX\fonts/pk/ljfour/jknappen/ec/dpi600\tcrm1095.pk><C:/Users/feded/AppData/Local/Programs/MiKTeX/fonts/type1/public/amsfonts/cm/cmbx10.pfb><C:/Users/feded/AppData/Local/Programs/MiKTeX/fonts/type1/public/amsfonts/cm/cmbx12.pfb><C:/Users/feded/AppData/Local/Programs/MiKTeX/fonts/type1/public/amsfonts/cm/cmcsc10.pfb><C:/Users/feded/AppData/Local/Programs/MiKTeX/fonts/type1/public/amsfonts/cm/cmmi10.pfb><C:/Users/feded/AppData/Local/Programs/MiKTeX/fonts/type1/public/amsfonts/cm/cmmib10.pfb><C:/Users/feded/AppData/Local/Programs/MiKTeX/fonts/type1/public/amsfonts/cm/cmr10.pfb><C:/Users/feded/AppData/Local/Programs/MiKTeX/fonts/type1/public/amsfonts/cm/cmsy10.pfb><C:/Users/feded/AppData/Local/Programs/MiKTeX/fonts/type1/public/amsfonts/cm/cmti10.pfb><C:/Users/feded/AppData/Local/Programs/MiKTeX/fonts/type1/public/amsfonts/cm/cmtt10.pfb><C:/Users/feded/AppData/Local/Programs/MiKTeX/fonts/type1/urw/helvetic/uhvb8a.pfb><C:/Users/feded/AppData/Local/Programs/MiKTeX/fonts/type1/urw/helvetic/uhvr8a.pfb>
Output written on thesis_Dittaro.pdf (56 pages, 14240402 bytes).
PDF statistics:
 779 PDF objects out of 1000 (max. 8388607)
 185 named destinations out of 1000 (max. 500000)
 555 words of extra memory for PDF output out of 10000 (max. 10000000)

